[debug] [2021-12-09T10:37:28.916Z] ----------------------------------------------------------------------
[debug] [2021-12-09T10:37:28.919Z] Command:       C:\Program Files\nodejs\node.exe C:\Program Files\nodejs\node_modules\firebase-tools\lib\bin\firebase.js init
[debug] [2021-12-09T10:37:28.920Z] CLI Version:   9.23.1
[debug] [2021-12-09T10:37:28.920Z] Platform:      win32
[debug] [2021-12-09T10:37:28.920Z] Node Version:  v14.16.0
[debug] [2021-12-09T10:37:28.921Z] Time:          Thu Dec 09 2021 16:07:28 GMT+0530 (India Standard Time)
[debug] [2021-12-09T10:37:28.921Z] ----------------------------------------------------------------------
[debug] 
[debug] [2021-12-09T10:37:28.933Z] > command requires scopes: ["email","openid","https://www.googleapis.com/auth/cloudplatformprojects.readonly","https://www.googleapis.com/auth/firebase","https://www.googleapis.com/auth/cloud-platform"]
[debug] [2021-12-09T10:37:28.934Z] > authorizing via signed-in user (csawarn@gmail.com)
[info] 
     ######## #### ########  ######## ########     ###     ######  ########
     ##        ##  ##     ## ##       ##     ##  ##   ##  ##       ##
     ######    ##  ########  ######   ########  #########  ######  ######
     ##        ##  ##    ##  ##       ##     ## ##     ##       ## ##
     ##       #### ##     ## ######## ########  ##     ##  ######  ########

You're about to initialize a Firebase project in this directory:

  C:\Educational\sem_5\mini-project\Google-Meet-Clone

Before we get started, keep in mind:

  * You are currently outside your home directory

